[debug] [2024-03-29T12:17:01.717Z] ----------------------------------------------------------------------
[debug] [2024-03-29T12:17:01.722Z] Command:       C:\Program Files\nodejs\node.exe C:\Users\91786\AppData\Roaming\npm\node_modules\firebase-tools\lib\bin\firebase.js init
[debug] [2024-03-29T12:17:01.723Z] CLI Version:   13.5.2
[debug] [2024-03-29T12:17:01.723Z] Platform:      win32
[debug] [2024-03-29T12:17:01.723Z] Node Version:  v20.9.0
[debug] [2024-03-29T12:17:01.724Z] Time:          Fri Mar 29 2024 17:47:01 GMT+0530 (India Standard Time)
[debug] [2024-03-29T12:17:01.724Z] ----------------------------------------------------------------------
[debug] 
[debug] [2024-03-29T12:17:01.729Z] >>> [apiv2][query] GET https://firebase-public.firebaseio.com/cli.json [none]
[debug] [2024-03-29T12:17:01.830Z] > command requires scopes: ["email","openid","https://www.googleapis.com/auth/cloudplatformprojects.readonly","https://www.googleapis.com/auth/firebase","https://www.googleapis.com/auth/cloud-platform"]
[debug] [2024-03-29T12:17:01.831Z] > authorizing via signed-in user (aravindsathish0885@gmail.com)
[info] 
     ######## #### ########  ######## ########     ###     ######  ########
     ##        ##  ##     ## ##       ##     ##  ##   ##  ##       ##
     ######    ##  ########  ######   ########  #########  ######  ######
     ##        ##  ##    ##  ##       ##     ## ##     ##       ## ##
     ##       #### ##     ## ######## ########  ##     ##  ######  ########

You're about to initialize a Firebase project in this directory:

  S:\portfolio\portfolio

[debug] [2024-03-29T12:17:02.687Z] <<< [apiv2][status] GET https://firebase-public.firebaseio.com/cli.json 200
[debug] [2024-03-29T12:17:02.688Z] <<< [apiv2][body] GET https://firebase-public.firebaseio.com/cli.json {"cloudBuildErrorAfter":1594252800000,"cloudBuildWarnAfter":1590019200000,"defaultNode10After":1594252800000,"minVersion":"3.0.5","node8DeploysDisabledAfter":1613390400000,"node8RuntimeDisabledAfter":1615809600000,"node8WarnAfter":1600128000000}
[info] 
=== Project Setup
[info] 
[info] First, let's associate this project directory with a Firebase project.
[info] You can create multiple project aliases by running firebase use --add, 
[info] but for now we'll just set up a default project.
[info] 
